#
# A fatal error has been detected by the Java Runtime Environment:
#
#  EXCEPTION_ACCESS_VIOLATION (0xc0000005) at pc=0x000000006cde9fb5, pid=5516, tid=4008
#
# JRE version: 7.0-b147
# Java VM: Java HotSpot(TM) 64-Bit Server VM (21.0-b17 mixed mode windows-amd64 compressed oops)
# Problematic frame:
# V  [jvm.dll+0xa9fb5]
#
# Failed to write core dump. Minidumps are not enabled by default on client versions of Windows
#
# If you would like to submit a bug report, please visit:
#   http://bugreport.sun.com/bugreport/crash.jsp
#

---------------  T H R E A D  ---------------

Current thread (0x00000000059a7800):  VMThread [stack: 0x0000000005e00000,0x0000000005f00000] [id=4008]

siginfo: ExceptionCode=0xc0000005, reading address 0x00000000c740ad78

Registers:
RAX=0x00000000c740ad78, RBX=0x00000000c740ad78, RCX=0x0000000000000000, RDX=0x000000000000000c
RSP=0x0000000005eff4a0, RBP=0x0000000000000009, RSI=0x0000000000000009, RDI=0x00000000e9fe905c
R8 =0x0000000000000000, R9 =0x000000000000000c, R10=0x0000000000000000, R11=0x0000000078000006
R12=0x00000000e9fe9028, R13=0x0000000001d1f600, R14=0x0000000001e63dc0, R15=0x0000000000000012
RIP=0x000000006cde9fb5, EFLAGS=0x0000000000010206

Top of Stack: (sp=0x0000000005eff4a0)
0x0000000005eff4a0:   00000000e9fe9e90 000000006ce032ca
0x0000000005eff4b0:   0000000000000003 00000000e9fe9e8c
0x0000000005eff4c0:   00000000e9fe9984 000000006ce2525c
0x0000000005eff4d0:   0000000000000003 00000000e9fe903c
0x0000000005eff4e0:   0000000001e63410 0000000001e634a0
0x0000000005eff4f0:   0000000001e63410 000000006cf3bafa
0x0000000005eff500:   00000000e9fe9028 0000000000000000
0x0000000005eff510:   0000000001e634a0 0000000013de0180
0x0000000005eff520:   000000006d371c60 000000006d074893
0x0000000005eff530:   0000000001e634a0 0000000000000000
0x0000000005eff540:   0000000005eff6c0 000000006d371c60
0x0000000005eff550:   0000000001e5ff10 000000006d07fe7e
0x0000000005eff560:   000000006d21ca90 00000000002f1100
0x0000000005eff570:   000000006d371c60 0000000000000001
0x0000000005eff580:   0000000001010100 0000000000000000
0x0000000005eff590:   000000000fc1eaa8 0000000001e63d00 

Instructions: (pc=0x000000006cde9fb5)
0x000000006cde9f95:   01 85 c0 0f 84 92 00 00 00 8b 0d 84 f1 56 00 48
0x000000006cde9fa5:   89 5c 24 38 8b d8 48 d3 e3 48 03 1d 6b f1 56 00
0x000000006cde9fb5:   48 8b 03 24 03 3c 03 74 6d 48 89 7c 24 20 48 8b
0x000000006cde9fc5:   3b 48 c7 44 24 30 03 00 00 00 48 8b 44 24 30 48 


Register to memory mapping:

RAX=0x00000000c740ad78 is an unknown value
RBX=0x00000000c740ad78 is an unknown value
RCX=0x0000000000000000 is an unknown value
RDX=0x000000000000000c is an unknown value
RSP=0x0000000005eff4a0 is an unknown value
RBP=0x0000000000000009 is an unknown value
RSI=0x0000000000000009 is an unknown value
RDI=0x00000000e9fe905c is an oop
[Lorg.hibernate.type.Type; 
 - klass: 'org/hibernate/type/Type'[]
 - length: 9
R8 =0x0000000000000000 is an unknown value
R9 =0x000000000000000c is an unknown value
R10=0x0000000000000000 is an unknown value
R11=0x0000000078000006 is an unknown value
R12=0x00000000e9fe9028 is an oop
[Lorg.hibernate.type.Type; 
 - klass: 'org/hibernate/type/Type'[]
 - length: 9
R13=0x0000000001d1f600 is an unknown value
R14=0x0000000001e63dc0 is an unknown value
R15=0x0000000000000012 is an unknown value


Stack: [0x0000000005e00000,0x0000000005f00000],  sp=0x0000000005eff4a0,  free space=1021k
Native frames: (J=compiled Java code, j=interpreted, Vv=VM code, C=native code)
V  [jvm.dll+0xa9fb5]

VM_Operation (0x000000001247f030): ParallelGCFailedAllocation, mode: safepoint, requested by thread 0x00000000078a3000


---------------  P R O C E S S  ---------------

Java Threads: ( => current thread )
  0x00000000078a7800 JavaThread "MongoCleaner1742921730" daemon [_thread_blocked, id=5956, stack(0x0000000010160000,0x0000000010260000)]
  0x00000000078a6000 JavaThread "http-8081-Monitor" [_thread_blocked, id=1388, stack(0x00000000148e0000,0x00000000149e0000)]
  0x00000000078a5000 JavaThread "http-8081-Processor4" daemon [_thread_blocked, id=9672, stack(0x0000000013760000,0x0000000013860000)]
  0x00000000078a4800 JavaThread "http-8081-Processor3" daemon [_thread_blocked, id=9088, stack(0x000000000ead0000,0x000000000ebd0000)]
  0x00000000078a4000 JavaThread "http-8081-Processor2" daemon [_thread_in_native, id=6136, stack(0x0000000012560000,0x0000000012660000)]
  0x00000000078a1800 JavaThread "http-8081-Processor1" daemon [_thread_blocked, id=9876, stack(0x000000000fb70000,0x000000000fc70000)]
  0x00000000078a3000 JavaThread "ContainerBackgroundProcessor[StandardEngine[Catalina]]" daemon [_thread_blocked, id=7624, stack(0x0000000012380000,0x0000000012480000)]
  0x00000000078a1000 JavaThread "PoolPulse" daemon [_thread_blocked, id=6788, stack(0x000000000fd80000,0x000000000fe80000)]
  0x00000000078a0000 JavaThread "BoneCP-pool-watch-thread-mauiiowareport" daemon [_thread_blocked, id=7864, stack(0x000000000feb0000,0x000000000ffb0000)]
  0x000000000789f800 JavaThread "BoneCP-max-alive-scheduler-mauiiowareport" daemon [_thread_blocked, id=4852, stack(0x000000000fc80000,0x000000000fd80000)]
  0x000000000789e800 JavaThread "BoneCP-keep-alive-scheduler-mauiiowareport" daemon [_thread_blocked, id=6816, stack(0x000000000f1d0000,0x000000000f2d0000)]
  0x000000000789e000 JavaThread "com.google.common.base.internal.Finalizer" daemon [_thread_blocked, id=3468, stack(0x000000000fa60000,0x000000000fb60000)]
  0x000000000789d800 JavaThread "BoneCP-pool-watch-thread-mauidwprodrpt" daemon [_thread_blocked, id=10128, stack(0x000000000f850000,0x000000000f950000)]
  0x000000000789c800 JavaThread "BoneCP-max-alive-scheduler-mauidwprodrpt" daemon [_thread_blocked, id=9860, stack(0x000000000ef90000,0x000000000f090000)]
  0x000000000789c000 JavaThread "BoneCP-keep-alive-scheduler-mauidwprodrpt" daemon [_thread_blocked, id=7676, stack(0x000000000f670000,0x000000000f770000)]
  0x000000000740b000 JavaThread "com.google.common.base.internal.Finalizer" daemon [_thread_blocked, id=4116, stack(0x000000000f4c0000,0x000000000f5c0000)]
  0x000000000740a800 JavaThread "BoneCP-pool-watch-thread-db2-queue" daemon [_thread_blocked, id=6320, stack(0x000000000d500000,0x000000000d600000)]
  0x000000000740a000 JavaThread "BoneCP-max-alive-scheduler-db2-queue" daemon [_thread_blocked, id=4228, stack(0x000000000f2e0000,0x000000000f3e0000)]
  0x0000000007409000 JavaThread "BoneCP-keep-alive-scheduler-db2-queue" daemon [_thread_blocked, id=9852, stack(0x000000000bd80000,0x000000000be80000)]
  0x0000000007408800 JavaThread "com.google.common.base.internal.Finalizer" daemon [_thread_blocked, id=7148, stack(0x000000000f0b0000,0x000000000f1b0000)]
  0x0000000007407800 JavaThread "BoneCP-pool-watch-thread-idw" daemon [_thread_blocked, id=6540, stack(0x000000000ee80000,0x000000000ef80000)]
  0x0000000007407000 JavaThread "BoneCP-keep-alive-scheduler-idw" daemon [_thread_blocked, id=6976, stack(0x000000000ed20000,0x000000000ee20000)]
  0x0000000007406000 JavaThread "com.google.common.base.internal.Finalizer" daemon [_thread_blocked, id=5260, stack(0x000000000ec00000,0x000000000ed00000)]
  0x0000000007405800 JavaThread "BoneCP-pool-watch-thread-univid" daemon [_thread_blocked, id=9888, stack(0x000000000e9d0000,0x000000000ead0000)]
  0x0000000007404800 JavaThread "BoneCP-keep-alive-scheduler-univid" daemon [_thread_blocked, id=3428, stack(0x000000000e890000,0x000000000e990000)]
  0x0000000007404000 JavaThread "com.google.common.base.internal.Finalizer" daemon [_thread_blocked, id=8200, stack(0x000000000e6f0000,0x000000000e7f0000)]
  0x0000000007403800 JavaThread "BoneCP-pool-watch-thread-instructor" daemon [_thread_blocked, id=9324, stack(0x000000000e120000,0x000000000e220000)]
  0x0000000007402800 JavaThread "BoneCP-keep-alive-scheduler-instructor" daemon [_thread_blocked, id=908, stack(0x000000000e590000,0x000000000e690000)]
  0x0000000007402000 JavaThread "com.google.common.base.internal.Finalizer" daemon [_thread_blocked, id=9516, stack(0x000000000bb80000,0x000000000bc80000)]
  0x0000000007401000 JavaThread "BoneCP-pool-watch-thread-reports" daemon [_thread_blocked, id=3500, stack(0x000000000e3e0000,0x000000000e4e0000)]
  0x0000000007400800 JavaThread "BoneCP-keep-alive-scheduler-reports" daemon [_thread_blocked, id=2864, stack(0x000000000e230000,0x000000000e330000)]
  0x00000000073ff800 JavaThread "com.google.common.base.internal.Finalizer" daemon [_thread_blocked, id=8428, stack(0x000000000dff0000,0x000000000e0f0000)]
  0x00000000073ff000 JavaThread "BoneCP-pool-watch-thread-whouse" daemon [_thread_blocked, id=3732, stack(0x000000000dad0000,0x000000000dbd0000)]
  0x00000000073fe000 JavaThread "BoneCP-keep-alive-scheduler-whouse" daemon [_thread_blocked, id=8848, stack(0x000000000dee0000,0x000000000dfe0000)]
  0x00000000073fd800 JavaThread "com.google.common.base.internal.Finalizer" daemon [_thread_blocked, id=3328, stack(0x000000000dd60000,0x000000000de60000)]
  0x00000000073fd000 JavaThread "BoneCP-pool-watch-thread-nolij" daemon [_thread_blocked, id=7748, stack(0x000000000b480000,0x000000000b580000)]
  0x00000000073fc000 JavaThread "BoneCP-keep-alive-scheduler-nolij" daemon [_thread_blocked, id=9696, stack(0x000000000dbe0000,0x000000000dce0000)]
  0x0000000007cd3000 JavaThread "com.google.common.base.internal.Finalizer" daemon [_thread_blocked, id=9120, stack(0x000000000d9a0000,0x000000000daa0000)]
  0x0000000007cd2000 JavaThread "BoneCP-pool-watch-thread-mauiods" daemon [_thread_blocked, id=9076, stack(0x000000000d7b0000,0x000000000d8b0000)]
  0x0000000007cd1800 JavaThread "BoneCP-keep-alive-scheduler-mauiods" daemon [_thread_blocked, id=10100, stack(0x000000000d620000,0x000000000d720000)]
  0x0000000007cd0800 JavaThread "com.google.common.base.internal.Finalizer" daemon [_thread_blocked, id=7588, stack(0x000000000d2c0000,0x000000000d3c0000)]
  0x0000000007cd0000 JavaThread "BoneCP-pool-watch-thread-mauidw" daemon [_thread_blocked, id=4740, stack(0x000000000d400000,0x000000000d500000)]
  0x0000000007ccf800 JavaThread "BoneCP-keep-alive-scheduler-mauidw" daemon [_thread_blocked, id=6604, stack(0x000000000cc60000,0x000000000cd60000)]
  0x0000000007cce800 JavaThread "com.google.common.base.internal.Finalizer" daemon [_thread_blocked, id=5136, stack(0x000000000d1a0000,0x000000000d2a0000)]
  0x0000000007cce000 JavaThread "BoneCP-pool-watch-thread-isis" daemon [_thread_blocked, id=5372, stack(0x000000000d0a0000,0x000000000d1a0000)]
  0x0000000007ccd000 JavaThread "BoneCP-keep-alive-scheduler-isis" daemon [_thread_blocked, id=6812, stack(0x000000000cf30000,0x000000000d030000)]
  0x0000000007ccc800 JavaThread "com.google.common.base.internal.Finalizer" daemon [_thread_blocked, id=3128, stack(0x000000000cd60000,0x000000000ce60000)]
  0x0000000007ccb800 JavaThread "BoneCP-pool-watch-thread-hprod" daemon [_thread_blocked, id=9732, stack(0x000000000c580000,0x000000000c680000)]
  0x0000000007ccb000 JavaThread "BoneCP-keep-alive-scheduler-hprod" daemon [_thread_blocked, id=8960, stack(0x000000000cad0000,0x000000000cbd0000)]
  0x0000000007cca000 JavaThread "com.google.common.base.internal.Finalizer" daemon [_thread_blocked, id=1232, stack(0x000000000c9b0000,0x000000000cab0000)]
  0x0000000007cc9800 JavaThread "BoneCP-pool-watch-thread-uachieve" daemon [_thread_blocked, id=9936, stack(0x000000000c830000,0x000000000c930000)]
  0x0000000007cc9000 JavaThread "BoneCP-max-alive-scheduler-uachieve" daemon [_thread_blocked, id=3936, stack(0x000000000c6e0000,0x000000000c7e0000)]
  0x0000000007cc8000 JavaThread "BoneCP-keep-alive-scheduler-uachieve" daemon [_thread_blocked, id=8220, stack(0x000000000c480000,0x000000000c580000)]
  0x0000000007cc7800 JavaThread "com.google.common.base.internal.Finalizer" daemon [_thread_blocked, id=8556, stack(0x000000000b790000,0x000000000b890000)]
  0x0000000007cc6800 JavaThread "BoneCP-pool-watch-thread-profile" daemon [_thread_blocked, id=1680, stack(0x000000000c300000,0x000000000c400000)]
  0x0000000007cc6000 JavaThread "BoneCP-max-alive-scheduler-profile" daemon [_thread_blocked, id=6408, stack(0x000000000c1d0000,0x000000000c2d0000)]
  0x0000000007cc5000 JavaThread "BoneCP-keep-alive-scheduler-profile" daemon [_thread_blocked, id=8996, stack(0x000000000bff0000,0x000000000c0f0000)]
  0x0000000007cc4800 JavaThread "com.google.common.base.internal.Finalizer" daemon [_thread_blocked, id=4540, stack(0x000000000be90000,0x000000000bf90000)]
  0x0000000007cc3800 JavaThread "BoneCP-pool-watch-thread-dwprod" daemon [_thread_blocked, id=8740, stack(0x000000000bc80000,0x000000000bd80000)]
  0x000000000730f800 JavaThread "BoneCP-max-alive-scheduler-dwprod" daemon [_thread_blocked, id=6904, stack(0x000000000ba60000,0x000000000bb60000)]
  0x000000000730e800 JavaThread "BoneCP-keep-alive-scheduler-dwprod" daemon [_thread_blocked, id=9736, stack(0x000000000b8c0000,0x000000000b9c0000)]
  0x000000000730e000 JavaThread "com.google.common.base.internal.Finalizer" daemon [_thread_blocked, id=7548, stack(0x000000000b680000,0x000000000b780000)]
  0x000000000730d000 JavaThread "BoneCP-pool-watch-thread-mauibill" daemon [_thread_blocked, id=3512, stack(0x0000000009440000,0x0000000009540000)]
  0x000000000730c800 JavaThread "BoneCP-keep-alive-scheduler-mauibill" daemon [_thread_blocked, id=4144, stack(0x000000000b580000,0x000000000b680000)]
  0x000000000730c000 JavaThread "com.google.common.base.internal.Finalizer" daemon [_thread_blocked, id=3724, stack(0x000000000b380000,0x000000000b480000)]
  0x000000000730b000 JavaThread "BoneCP-pool-watch-thread-maui" daemon [_thread_blocked, id=9848, stack(0x000000000b240000,0x000000000b340000)]
  0x000000000730a800 JavaThread "BoneCP-max-alive-scheduler-maui" daemon [_thread_blocked, id=5264, stack(0x000000000ae20000,0x000000000af20000)]
  0x0000000007309800 JavaThread "BoneCP-keep-alive-scheduler-maui" daemon [_thread_blocked, id=6120, stack(0x000000000a6a0000,0x000000000a7a0000)]
  0x0000000007309000 JavaThread "BoneCP-pool-watch-thread-maui" daemon [_thread_blocked, id=10132, stack(0x000000000b0c0000,0x000000000b1c0000)]
  0x0000000007308000 JavaThread "BoneCP-max-alive-scheduler-maui" daemon [_thread_blocked, id=5892, stack(0x000000000a0e0000,0x000000000a1e0000)]
  0x0000000007307800 JavaThread "BoneCP-keep-alive-scheduler-maui" daemon [_thread_blocked, id=8832, stack(0x000000000af20000,0x000000000b020000)]
  0x0000000007306800 JavaThread "BoneCP-pool-watch-thread-maui" daemon [_thread_blocked, id=3168, stack(0x000000000acf0000,0x000000000adf0000)]
  0x0000000007306000 JavaThread "BoneCP-max-alive-scheduler-maui" daemon [_thread_blocked, id=9628, stack(0x000000000ab00000,0x000000000ac00000)]
  0x0000000007305800 JavaThread "BoneCP-keep-alive-scheduler-maui" daemon [_thread_blocked, id=9448, stack(0x0000000009bf0000,0x0000000009cf0000)]
  0x0000000007304800 JavaThread "com.google.common.base.internal.Finalizer" daemon [_thread_blocked, id=9684, stack(0x000000000a970000,0x000000000aa70000)]
  0x0000000007304000 JavaThread "BoneCP-pool-watch-thread-db2TESTMARS" daemon [_thread_blocked, id=2880, stack(0x000000000a5a0000,0x000000000a6a0000)]
  0x0000000007303000 JavaThread "BoneCP-max-alive-scheduler-db2TESTMARS" daemon [_thread_blocked, id=6200, stack(0x000000000a3e0000,0x000000000a4e0000)]
  0x0000000007302800 JavaThread "BoneCP-keep-alive-scheduler-db2TESTMARS" daemon [_thread_blocked, id=6376, stack(0x000000000a200000,0x000000000a300000)]
  0x0000000007301800 JavaThread "com.google.common.base.internal.Finalizer" daemon [_thread_blocked, id=9348, stack(0x0000000009fe0000,0x000000000a0e0000)]
  0x0000000007301000 JavaThread "BoneCP-pool-watch-thread-db2PRODMARS" daemon [_thread_blocked, id=9480, stack(0x0000000009e00000,0x0000000009f00000)]
  0x0000000007300000 JavaThread "BoneCP-max-alive-scheduler-db2PRODMARS" daemon [_thread_blocked, id=3360, stack(0x0000000009d00000,0x0000000009e00000)]
  0x00000000073d1800 JavaThread "BoneCP-keep-alive-scheduler-db2PRODMARS" daemon [_thread_blocked, id=8036, stack(0x0000000009ae0000,0x0000000009be0000)]
  0x0000000008065000 JavaThread "com.google.common.base.internal.Finalizer" daemon [_thread_blocked, id=1796, stack(0x00000000099e0000,0x0000000009ae0000)]
  0x00000000078d2800 JavaThread "BoneCP-pool-watch-thread-db2ITCH" daemon [_thread_blocked, id=4176, stack(0x00000000098a0000,0x00000000099a0000)]
  0x0000000007a69000 JavaThread "BoneCP-max-alive-scheduler-db2ITCH" daemon [_thread_blocked, id=8336, stack(0x0000000009710000,0x0000000009810000)]
  0x0000000007aaf000 JavaThread "BoneCP-keep-alive-scheduler-db2ITCH" daemon [_thread_blocked, id=7876, stack(0x0000000009540000,0x0000000009640000)]
  0x0000000005b56800 JavaThread "com.google.common.base.internal.Finalizer" daemon [_thread_blocked, id=7692, stack(0x0000000009340000,0x0000000009440000)]
  0x000000000812c800 JavaThread "BoneCP-pool-watch-thread-db2" daemon [_thread_blocked, id=9824, stack(0x0000000009210000,0x0000000009310000)]
  0x0000000007a74000 JavaThread "BoneCP-max-alive-scheduler-db2" daemon [_thread_blocked, id=8004, stack(0x0000000008ce0000,0x0000000008de0000)]
  0x000000000784a800 JavaThread "BoneCP-keep-alive-scheduler-db2" daemon [_thread_blocked, id=8308, stack(0x00000000090e0000,0x00000000091e0000)]
  0x000000000774a000 JavaThread "com.google.common.base.internal.Finalizer" daemon [_thread_blocked, id=6696, stack(0x0000000008f60000,0x0000000009060000)]
  0x0000000005a71800 JavaThread "Service Thread" daemon [_thread_blocked, id=6624, stack(0x0000000006c00000,0x0000000006d00000)]
  0x0000000005a64800 JavaThread "C2 CompilerThread1" daemon [_thread_blocked, id=6028, stack(0x00000000061a0000,0x00000000062a0000)]
  0x0000000005a62800 JavaThread "C2 CompilerThread0" daemon [_thread_blocked, id=2372, stack(0x00000000069e0000,0x0000000006ae0000)]
  0x0000000005a56000 JavaThread "JDWP Event Helper Thread" daemon [_thread_blocked, id=10004, stack(0x00000000063d0000,0x00000000064d0000)]
  0x0000000005a47800 JavaThread "JDWP Transport Listener: dt_socket" daemon [_thread_in_native, id=9240, stack(0x00000000068d0000,0x00000000069d0000)]
  0x0000000005a40800 JavaThread "Attach Listener" daemon [_thread_blocked, id=6012, stack(0x00000000064d0000,0x00000000065d0000)]
  0x0000000005a3f000 JavaThread "Signal Dispatcher" daemon [_thread_blocked, id=9492, stack(0x00000000062b0000,0x00000000063b0000)]
  0x00000000059bc800 JavaThread "Finalizer" daemon [_thread_blocked, id=6500, stack(0x0000000005ff0000,0x00000000060f0000)]
  0x00000000059b0800 JavaThread "Reference Handler" daemon [_thread_blocked, id=8040, stack(0x0000000005ce0000,0x0000000005de0000)]
  0x0000000001d1e000 JavaThread "main" [_thread_in_native, id=1020, stack(0x0000000001f90000,0x0000000002090000)]

Other Threads:
=>0x00000000059a7800 VMThread [stack: 0x0000000005e00000,0x0000000005f00000] [id=4008]
  0x0000000005a7c800 WatcherThread [stack: 0x0000000006dc0000,0x0000000006ec0000] [id=6192]

VM state:at safepoint (normal execution)

VM Mutex/Monitor currently owned by a thread:  ([mutex/lock_event])
[0x0000000001d1a360] Threads_lock - owner thread: 0x00000000059a7800
[0x0000000001d1a860] Heap_lock - owner thread: 0x00000000078a3000

Heap
 PSYoungGen      total 91008K, used 5984K [0x00000000f7ab0000, 0x0000000100000000, 0x0000000100000000)
  eden space 45504K, 0% used [0x00000000f7ab0000,0x00000000f7ab0000,0x00000000fa720000)
  from space 45504K, 13% used [0x00000000fd390000,0x00000000fd968000,0x0000000100000000)
  to   space 45504K, 0% used [0x00000000fa720000,0x00000000fa720000,0x00000000fd390000)
 PSOldGen        total 265152K, used 258170K [0x00000000e7000000, 0x00000000f72f0000, 0x00000000f7ab0000)
  object space 265152K, 97% used [0x00000000e7000000,0x00000000f6c1eaa8,0x00000000f72f0000)
 PSPermGen       total 220032K, used 141470K [0x00000000ce000000, 0x00000000db6e0000, 0x00000000e7000000)
  object space 220032K, 64% used [0x00000000ce000000,0x00000000d6a27940,0x00000000db6e0000)

Code Cache  [0x00000000021a0000, 0x00000000027b0000, 0x00000000051a0000)
 total_blobs=2375 nmethods=1851 adapters=481 free_code_cache=43467Kb largest_free_block=44030272

Dynamic libraries:
0x000000013ffd0000 - 0x0000000140003000 	C:\Windows\system32\java.exe
0x0000000076f40000 - 0x00000000770ec000 	C:\Windows\SYSTEM32\ntdll.dll
0x0000000076cd0000 - 0x0000000076def000 	C:\Windows\system32\kernel32.dll
0x000007fefd560000 - 0x000007fefd5cc000 	C:\Windows\system32\KERNELBASE.dll
0x000007fefef80000 - 0x000007feff05b000 	C:\Windows\system32\ADVAPI32.dll
0x000007feff1b0000 - 0x000007feff24f000 	C:\Windows\system32\msvcrt.dll
0x000007fefd930000 - 0x000007fefd94f000 	C:\Windows\SYSTEM32\sechost.dll
0x000007fefd800000 - 0x000007fefd92e000 	C:\Windows\system32\RPCRT4.dll
0x0000000076860000 - 0x000000007695a000 	C:\Windows\system32\USER32.dll
0x000007fefe180000 - 0x000007fefe1e7000 	C:\Windows\system32\GDI32.dll
0x000007fefdee0000 - 0x000007fefdeee000 	C:\Windows\system32\LPK.dll
0x000007feff060000 - 0x000007feff12a000 	C:\Windows\system32\USP10.dll
0x000007fefbb30000 - 0x000007fefbd24000 	C:\Windows\WinSxS\amd64_microsoft.windows.common-controls_6595b64144ccf1df_6.0.7600.16661_none_fa62ad231704eab7\COMCTL32.dll
0x000007fefd780000 - 0x000007fefd7f1000 	C:\Windows\system32\SHLWAPI.dll
0x000007fefde10000 - 0x000007fefde3e000 	C:\Windows\system32\IMM32.DLL
0x000007fefd950000 - 0x000007fefda59000 	C:\Windows\system32\MSCTF.dll
0x0000000052dd0000 - 0x0000000052ea1000 	C:\Program Files\Java\jre7\bin\msvcr100.dll
0x000000006cd40000 - 0x000000006d40e000 	C:\Program Files\Java\jre7\bin\server\jvm.dll
0x000007fefa2a0000 - 0x000007fefa2a9000 	C:\Windows\system32\WSOCK32.dll
0x000007fefda80000 - 0x000007fefdacd000 	C:\Windows\system32\WS2_32.dll
0x000007fefe170000 - 0x000007fefe178000 	C:\Windows\system32\NSI.dll
0x000007fefae30000 - 0x000007fefae6b000 	C:\Windows\system32\WINMM.dll
0x0000000077100000 - 0x0000000077107000 	C:\Windows\system32\PSAPI.DLL
0x000000006fb00000 - 0x000000006fb0f000 	C:\Program Files\Java\jre7\bin\verify.dll
0x0000000055e00000 - 0x0000000055e28000 	C:\Program Files\Java\jre7\bin\java.dll
0x0000000055700000 - 0x0000000055735000 	C:\Program Files\Java\jre7\bin\jdwp.dll
0x000000006fa10000 - 0x000000006fa18000 	C:\Program Files\Java\jre7\bin\npt.dll
0x0000000056720000 - 0x0000000056735000 	C:\Program Files\Java\jre7\bin\zip.dll
0x00000000723e0000 - 0x00000000723e9000 	C:\Program Files\Java\jre7\bin\dt_socket.dll
0x000007fefcc20000 - 0x000007fefcc74000 	C:\Windows\system32\mswsock.dll
0x000007fefc5e0000 - 0x000007fefc5e7000 	C:\Windows\System32\wshtcpip.dll
0x00000000559a0000 - 0x00000000559b9000 	C:\Program Files\Java\jre7\bin\net.dll
0x000007fefcc10000 - 0x000007fefcc17000 	C:\Windows\System32\wship6.dll
0x0000000055980000 - 0x0000000055991000 	C:\Program Files\Java\jre7\bin\nio.dll
0x000000005a420000 - 0x000000005a42b000 	C:\Program Files\Java\jre7\bin\management.dll
0x0000000055820000 - 0x0000000055844000 	C:\Program Files\Java\jre7\bin\sunec.dll
0x000007fefb250000 - 0x000007fefb265000 	C:\Windows\system32\NLAapi.dll
0x000007fefcaa0000 - 0x000007fefcafb000 	C:\Windows\system32\DNSAPI.dll
0x000007fef9740000 - 0x000007fef974b000 	C:\Windows\System32\winrnr.dll
0x000007fef9720000 - 0x000007fef9735000 	C:\Windows\system32\napinsp.dll
0x000007fef9700000 - 0x000007fef9719000 	C:\Windows\system32\pnrpnsp.dll
0x0000000073700000 - 0x0000000073726000 	C:\Program Files\Bonjour\mdnsNSP.dll
0x000007fefa270000 - 0x000007fefa297000 	C:\Windows\system32\Iphlpapi.DLL
0x000007fefa260000 - 0x000007fefa26b000 	C:\Windows\system32\WINNSI.DLL
0x000007fef9750000 - 0x000007fef9758000 	C:\Windows\system32\rasadhlp.dll
0x000007fef9dd0000 - 0x000007fef9e23000 	C:\Windows\System32\fwpuclnt.dll
0x000007fefcde0000 - 0x000007fefcdf7000 	C:\Windows\system32\CRYPTSP.dll
0x000007fefc980000 - 0x000007fefc9c7000 	C:\Windows\system32\rsaenh.dll
0x000007fefc6f0000 - 0x000007fefc70e000 	C:\Windows\system32\USERENV.dll
0x000007fefd3b0000 - 0x000007fefd3bf000 	C:\Windows\system32\profapi.dll
0x000007fefd2e0000 - 0x000007fefd2ef000 	C:\Windows\system32\CRYPTBASE.dll
0x000007fef9da0000 - 0x000007fef9db1000 	C:\Windows\system32\dhcpcsvc6.DLL
0x000007fef9d80000 - 0x000007fef9d98000 	C:\Windows\system32\dhcpcsvc.DLL
0x000000006f930000 - 0x000000006f93b000 	C:\Program Files\Java\jre7\bin\sunmscapi.dll
0x000007fefd610000 - 0x000007fefd77a000 	C:\Windows\system32\CRYPT32.dll
0x000007fefd450000 - 0x000007fefd45f000 	C:\Windows\system32\MSASN1.dll

VM Arguments:
jvm_args: -Xms128m -Xmx400m -XX:MaxPermSize=400m -Xdebug -Xnoagent -Xrunjdwp:transport=dt_socket,server=y,suspend=n,address=5005 -DMAUI_ROOT=C:\Projects\maui -DSYSTEM=DEV -Djava.compiler=NONE -Dorg.apache.tomcat.util.buf.UDecoder.ALLOW_ENCODED_SLASH=true -Dcatalina.home=C:\tomcat-5.5.29 -Dcatalina.base=C:\Projects\maui\tomcat 
java_command: C:\tomcat-5.5.29\bin\bootstrap.jar start
Launcher Type: SUN_STANDARD

Environment Variables:
JAVA_HOME=C:\jdk1.6
CLASSPATH=.;C:\DBConnectors\ojdbc6.jar;C:\DBConnectors\mysql-connector-java-5.0.8-bin.jar;C:\DBConnectors\sqljdbc4.jar;C:\Program Files (x86)\Java\jre7\lib\ext\QTJava.zip
PATH=C:\Program Files (x86)\ActiveState Komodo Edit 7\;C:\Perl64\site\bin;C:\Perl64\bin;C:\Windows\system32;C:\Windows;C:\Windows\System32\Wbem;C:\Windows\System32\WindowsPowerShell\v1.0\java:\jdk1.6\jre\bin\javaw.exe;C:\jdk1.6\jre\bin\javaw.exe;C:\jdk1.6\bin;C:\Program Files (x86)\Microsoft SQL Server\100\Tools\Binn\;c:\Program Files\Microsoft SQL Server\100\Tools\Binn\;c:\Program Files\Microsoft SQL Server\100\DTS\Binn\;C:\grails\bin;C:\groovy\bin;C:\strawberry\bin;C:\apache-ant-1.8.2\bin;C:\Program Files (x86)\Microsoft Visual Studio 10.0\VC\bin;C:\apache-maven-3.0.4\bin;C:\Program Files (x86)\QuickTime\QTSystem\;C:\Users\rhmiller\Downloads\instantclient_11_2\;C:\DBConnectors
USERNAME=rhmiller
OS=Windows_NT
PROCESSOR_IDENTIFIER=Intel64 Family 6 Model 23 Stepping 10, GenuineIntel



---------------  S Y S T E M  ---------------

OS: Windows 7 , 64 bit Build 7600 

CPU:total 2 (2 cores per cpu, 1 threads per core) family 6 model 23 stepping 10, cmov, cx8, fxsr, mmx, sse, sse2, sse3, ssse3, sse4.1

Memory: 4k page, physical 8255072k(1409352k free), swap 16508244k(9800500k free)

vm_info: Java HotSpot(TM) 64-Bit Server VM (21.0-b17) for windows-amd64 JRE (1.7.0-b147), built on Jun 27 2011 02:19:45 by "java_re" with unknown MS VC++:1600

time: Mon Jan 07 14:37:03 2013
elapsed time: 418 seconds

